<?xml version="1.0" encoding="UTF-8" ?>
<testsuite errors="0" failures="0" hostname="LAPTOP-SUPCS05R" name="RationalTest" skipped="0" tests="7" time="0.058" timestamp="2023-09-16T11:02:34">
  <properties>
    <property name="ant.library.dir" value="C:\Program Files\JetBrains\IntelliJ IDEA 2023.1\lib\ant\lib" />
    <property name="ant.file.type" value="file" />
    <property name="java.specification.version" value="17" />
    <property name="sun.cpu.isalist" value="amd64" />
    <property name="sun.jnu.encoding" value="MS874" />
    <property name="java.class.path" value="C:\Program Files\Java\jdk-17.0.5!\java.base;C:\Program Files\Java\jdk-17.0.5!\java.compiler;C:\Program Files\Java\jdk-17.0.5!\java.datatransfer;C:\Program Files\Java\jdk-17.0.5!\java.desktop;C:\Program Files\Java\jdk-17.0.5!\java.instrument;C:\Program Files\Java\jdk-17.0.5!\java.logging;C:\Program Files\Java\jdk-17.0.5!\java.management;C:\Program Files\Java\jdk-17.0.5!\java.management.rmi;C:\Program Files\Java\jdk-17.0.5!\java.naming;C:\Program Files\Java\jdk-17.0.5!\java.net.http;C:\Program Files\Java\jdk-17.0.5!\java.prefs;C:\Program Files\Java\jdk-17.0.5!\java.rmi;C:\Program Files\Java\jdk-17.0.5!\java.scripting;C:\Program Files\Java\jdk-17.0.5!\java.se;C:\Program Files\Java\jdk-17.0.5!\java.security.jgss;C:\Program Files\Java\jdk-17.0.5!\java.security.sasl;C:\Program Files\Java\jdk-17.0.5!\java.smartcardio;C:\Program Files\Java\jdk-17.0.5!\java.sql;C:\Program Files\Java\jdk-17.0.5!\java.sql.rowset;C:\Program Files\Java\jdk-17.0.5!\java.transaction.xa;C:\Program Files\Java\jdk-17.0.5!\java.xml;C:\Program Files\Java\jdk-17.0.5!\java.xml.crypto;C:\Program Files\Java\jdk-17.0.5!\jdk.accessibility;C:\Program Files\Java\jdk-17.0.5!\jdk.attach;C:\Program Files\Java\jdk-17.0.5!\jdk.charsets;C:\Program Files\Java\jdk-17.0.5!\jdk.compiler;C:\Program Files\Java\jdk-17.0.5!\jdk.crypto.cryptoki;C:\Program Files\Java\jdk-17.0.5!\jdk.crypto.ec;C:\Program Files\Java\jdk-17.0.5!\jdk.crypto.mscapi;C:\Program Files\Java\jdk-17.0.5!\jdk.dynalink;C:\Program Files\Java\jdk-17.0.5!\jdk.editpad;C:\Program Files\Java\jdk-17.0.5!\jdk.hotspot.agent;C:\Program Files\Java\jdk-17.0.5!\jdk.httpserver;C:\Program Files\Java\jdk-17.0.5!\jdk.incubator.foreign;C:\Program Files\Java\jdk-17.0.5!\jdk.incubator.vector;C:\Program Files\Java\jdk-17.0.5!\jdk.internal.ed;C:\Program Files\Java\jdk-17.0.5!\jdk.internal.jvmstat;C:\Program Files\Java\jdk-17.0.5!\jdk.internal.le;C:\Program Files\Java\jdk-17.0.5!\jdk.internal.opt;C:\Program Files\Java\jdk-17.0.5!\jdk.internal.vm.ci;C:\Program Files\Java\jdk-17.0.5!\jdk.internal.vm.compiler;C:\Program Files\Java\jdk-17.0.5!\jdk.internal.vm.compiler.management;C:\Program Files\Java\jdk-17.0.5!\jdk.jartool;C:\Program Files\Java\jdk-17.0.5!\jdk.javadoc;C:\Program Files\Java\jdk-17.0.5!\jdk.jcmd;C:\Program Files\Java\jdk-17.0.5!\jdk.jconsole;C:\Program Files\Java\jdk-17.0.5!\jdk.jdeps;C:\Program Files\Java\jdk-17.0.5!\jdk.jdi;C:\Program Files\Java\jdk-17.0.5!\jdk.jdwp.agent;C:\Program Files\Java\jdk-17.0.5!\jdk.jfr;C:\Program Files\Java\jdk-17.0.5!\jdk.jlink;C:\Program Files\Java\jdk-17.0.5!\jdk.jpackage;C:\Program Files\Java\jdk-17.0.5!\jdk.jshell;C:\Program Files\Java\jdk-17.0.5!\jdk.jsobject;C:\Program Files\Java\jdk-17.0.5!\jdk.jstatd;C:\Program Files\Java\jdk-17.0.5!\jdk.localedata;C:\Program Files\Java\jdk-17.0.5!\jdk.management;C:\Program Files\Java\jdk-17.0.5!\jdk.management.agent;C:\Program Files\Java\jdk-17.0.5!\jdk.management.jfr;C:\Program Files\Java\jdk-17.0.5!\jdk.naming.dns;C:\Program Files\Java\jdk-17.0.5!\jdk.naming.rmi;C:\Program Files\Java\jdk-17.0.5!\jdk.net;C:\Program Files\Java\jdk-17.0.5!\jdk.nio.mapmode;C:\Program Files\Java\jdk-17.0.5!\jdk.random;C:\Program Files\Java\jdk-17.0.5!\jdk.sctp;C:\Program Files\Java\jdk-17.0.5!\jdk.security.auth;C:\Program Files\Java\jdk-17.0.5!\jdk.security.jgss;C:\Program Files\Java\jdk-17.0.5!\jdk.unsupported;C:\Program Files\Java\jdk-17.0.5!\jdk.unsupported.desktop;C:\Program Files\Java\jdk-17.0.5!\jdk.xml.dom;C:\Program Files\Java\jdk-17.0.5!\jdk.zipfs;C:\Program Files\JetBrains\IntelliJ IDEA 2023.1\lib\ant\lib\ant.jar;C:\Program Files\JetBrains\IntelliJ IDEA 2023.1\lib\idea_rt.jar" />
    <property name="java.vm.vendor" value="Oracle Corporation" />
    <property name="sun.arch.data.model" value="64" />
    <property name="user.variant" value="" />
    <property name="java.vendor.url" value="https://java.oracle.com/" />
    <property name="java.vm.specification.version" value="17" />
    <property name="os.name" value="Windows 10" />
    <property name="user.country" value="US" />
    <property name="sun.java.launcher" value="SUN_STANDARD" />
    <property name="sun.boot.library.path" value="C:\Program Files\Java\jdk-17.0.5\bin" />
    <property name="sun.java.command" value="com.intellij.rt.ant.execution.AntMain2 -logger com.intellij.rt.ant.execution.IdeaAntLogger2 -inputhandler com.intellij.rt.ant.execution.IdeaInputHandler -buildfile D:\Rational\build.xml test" />
    <property name="jdk.debug" value="release" />
    <property name="sun.cpu.endian" value="little" />
    <property name="user.home" value="C:\Users\Lenovo" />
    <property name="user.language" value="en" />
    <property name="java.specification.vendor" value="Oracle Corporation" />
    <property name="java.version.date" value="2022-10-18" />
    <property name="java.home" value="C:\Program Files\Java\jdk-17.0.5" />
    <property name="file.separator" value="\" />
    <property name="basedir" value="D:\Rational" />
    <property name="java.vm.compressedOopsMode" value="32-bit" />
    <property name="line.separator" value="&#xd;&#xa;" />
    <property name="ant.java.version" value="17" />
    <property name="java.vm.specification.vendor" value="Oracle Corporation" />
    <property name="java.specification.name" value="Java Platform API Specification" />
    <property name="user.script" value="" />
    <property name="sun.management.compiler" value="HotSpot 64-Bit Tiered Compilers" />
    <property name="java.runtime.version" value="17.0.5+9-LTS-191" />
    <property name="user.name" value="Lenovo" />
    <property name="ant.file" value="D:\Rational\build.xml" />
    <property name="path.separator" value=";" />
    <property name="os.version" value="10.0" />
    <property name="java.runtime.name" value="Java(TM) SE Runtime Environment" />
    <property name="file.encoding" value="UTF-8" />
    <property name="ant.project.invoked-targets" value="test" />
    <property name="java.vm.name" value="Java HotSpot(TM) 64-Bit Server VM" />
    <property name="ant.core.lib" value="C:\Program Files\JetBrains\IntelliJ IDEA 2023.1\lib\ant\lib\ant.jar" />
    <property name="java.vendor.url.bug" value="https://bugreport.java.com/bugreport/" />
    <property name="java.io.tmpdir" value="C:\Users\Lenovo\AppData\Local\Temp\" />
    <property name="java.version" value="17.0.5" />
    <property name="user.dir" value="D:\Rational" />
    <property name="os.arch" value="amd64" />
    <property name="java.vm.specification.name" value="Java Virtual Machine Specification" />
    <property name="ant.home" value="C:\Program Files\JetBrains\IntelliJ IDEA 2023.1\lib\ant" />
    <property name="sun.os.patch.level" value="" />
    <property name="native.encoding" value="MS874" />
    <property name="ant.version" value="Apache Ant(TM) version 1.10.12 compiled on October 13 2021" />
    <property name="java.library.path" value="C:\Program Files\Java\jdk-17.0.5\bin;C:\WINDOWS\Sun\Java\bin;C:\WINDOWS\system32;C:\WINDOWS;C:\Python310\Scripts\;C:\Python310\;C:\MinGW\bin;C:\Program Files\Java\jdk-17.0.5\bin;C:\WINDOWS\system32;C:\WINDOWS;C:\WINDOWS\System32\Wbem;C:\WINDOWS\System32\WindowsPowerShell\v1.0\;C:\WINDOWS\System32\OpenSSH\;C:\Program Files (x86)\QuickTime\QTSystem\;C:\Program Files\MATLAB\R2021b\bin;C:\Program Files\nodejs\;C:\ProgramData\chocolatey\bin;C:\Program Files\Git\cmd;C:\Program Files\MongoDB\Server\6.0\bin;C:\Program Files\MySQL\MySQL Shell 8.0\bin\;C:\Users\Lenovo\anaconda3;C:\Users\Lenovo\anaconda3\Library\mingw-w64\bin;C:\Users\Lenovo\anaconda3\Library\usr\bin;C:\Users\Lenovo\anaconda3\Library\bin;C:\Users\Lenovo\anaconda3\Scripts;C:\Users\Lenovo\AppData\Local\Microsoft\WindowsApps;C:\Users\Lenovo\AppData\Local\Programs\Microsoft VS Code\bin;C:\MinGW\bin;D:\nasm;C:\Users\Lenovo\AppData\Roaming\npm;C:\Program Files\heroku\bin;C:\src\flutter\bin;C:\Users\Lenovo\AppData\Local\Android\Sdk\tools;C:\Users\Lenovo\AppData\Local\Android\Sdk\tools\bin;C:\Users\Lenovo\AppData\Local\Android\Sdk\platform-tools;;C:\Program Files\JetBrains\IntelliJ IDEA 2023.1\bin;;." />
    <property name="java.vendor" value="Oracle Corporation" />
    <property name="java.vm.info" value="mixed mode, sharing" />
    <property name="java.vm.version" value="17.0.5+9-LTS-191" />
    <property name="sun.io.unicode.encoding" value="UnicodeLittle" />
    <property name="java.class.version" value="61.0" />
  </properties>
  <testcase classname="RationalTest" name="testAdd" time="0.005" />
  <testcase classname="RationalTest" name="testSubtract" time="0.0" />
  <testcase classname="RationalTest" name="testEqual" time="0.0" />
  <testcase classname="RationalTest" name="testToString" time="0.004" />
  <testcase classname="RationalTest" name="testCompareTo" time="0.0" />
  <testcase classname="RationalTest" name="testDevide" time="0.0" />
  <testcase classname="RationalTest" name="testMultiply" time="0.0" />
  <system-out><![CDATA[]]></system-out>
  <system-err><![CDATA[]]></system-err>
</testsuite>
